=== RUN it_should_support_defer_even_on_fails
--- PASS: it_should_support_defer_even_on_fails (0.02s)
=== RUN it_should_assert_command
	+ it_should_assert_command
	+ assert_true 'ls /xxxtmp'
	+ ls /xxxtmp
	ls: /xxxtmp: No such file or directory
	+ assert_eq 1 0 'expecting command '\''ls /xxxtmp'\'' to succeed'
	+ description='expecting command '\''ls /xxxtmp'\'' to succeed'
	+ set +x
	[1;37;41mfailed expectation:[m [1;38;40mexpecting command 'ls /xxxtmp' to succeed ('1' == '0') [m
	######################################## FAILED TEST: expecting command 'ls /xxxtmp' to succeed ('1' == '0')
	+ exit 1
	error code: 1
	error occured in [1;38;40m./failing-tests.sh:19:it_should_assert_command
./failing-tests.sh:25:it_should_assert_command[m
--- FAIL: it_should_assert_command (0.00s)
=== RUN it_should_assert_command_with_description
	+ it_should_assert_command_with_description
	+ assert_true 'ls /xxxtmp' 'assert_true with a description'
	+ ls /xxxtmp
	ls: /xxxtmp: No such file or directory
	+ assert_eq 1 0 'assert_true with a description'
	+ description='assert_true with a description'
	+ set +x
	[1;37;41mfailed expectation:[m [1;38;40massert_true with a description ('1' == '0') [m
	######################################## FAILED TEST: assert_true with a description ('1' == '0')
	+ exit 1
	error code: 1
	error occured in [1;38;40m./failing-tests.sh:25:it_should_assert_command_with_description[m
--- FAIL: it_should_assert_command_with_description (0.00s)
=== RUN it_should_negate_assert_match_correctly
	+ it_should_negate_assert_match_correctly
	+ assert_nmatch hallo ll
	+ __SPEC_SH_NEGATE=1
	+ assert_match hallo ll
	+ set +o pipefail
	+ printf %s hallo
	+ grep -E -m1 -o ll
	+ head -n1
	+ grep -E ll
	ll
	+ assert_eq 0 0 'checking '\''hallo'\'' to match /ll/'
	+ description='checking '\''hallo'\'' to match /ll/'
	+ set +x
	[1;37;41mfailed expectation:[m [1;38;40mchecking 'hallo' to match /ll/ ('0' != '0') [m
	######################################## FAILED TEST: checking 'hallo' to match /ll/ ('0' != '0')
	+ exit 1
	error code: 1
	error occured in [1;38;40m./failing-tests.sh:30:it_should_negate_assert_match_correctly[m
--- FAIL: it_should_negate_assert_match_correctly (0.00s)
=== RUN it_should_compare_exit_code
	+ it_should_compare_exit_code
	+ false
	+ assert_eq 0 0
	+ description=
	+ set +x
	######################################## PASSED TEST: '0' == '0'
	+ assert_eq 0 0 '0 should be 0'
	+ description='0 should be 0'
	+ set +x
	######################################## PASSED TEST: 0 should be 0 ('0' == '0')
	+ assert_eq 0 2
	+ description=
	+ set +x
	[1;37;41mfailed expectation:[m [1;38;40m'0' == '2' [m
	######################################## FAILED TEST: '0' == '2'
	+ exit 1
	error code: 1
	error occured in [1;38;40m./failing-tests.sh:35:it_should_compare_exit_code[m
--- FAIL: it_should_compare_exit_code (0.01s)
=== RUN it_should_compare_string
	+ it_should_compare_string
	++ echo hallo
	++ tr l x
	+ assert_eq haxxo haggo
	+ description=
	+ set +x
	[1;37;41mfailed expectation:[m [1;38;40m'haxxo' == 'haggo' [m
	######################################## FAILED TEST: 'haxxo' == 'haggo'
	+ exit 1
	error code: 1
	error occured in [1;38;40m./failing-tests.sh:45:it_should_compare_string
./failing-tests.sh:51:it_should_compare_string[m
--- FAIL: it_should_compare_string (0.00s)
=== RUN it_should_compare_string_with_description
	+ it_should_compare_string_with_description
	++ echo hallo
	++ tr l x
	+ assert_eq haxxo haggo 'transforming string should work'
	+ description='transforming string should work'
	+ set +x
	[1;37;41mfailed expectation:[m [1;38;40mtransforming string should work ('haxxo' == 'haggo') [m
	######################################## FAILED TEST: transforming string should work ('haxxo' == 'haggo')
	+ exit 1
	error code: 1
	error occured in [1;38;40m./failing-tests.sh:51:it_should_compare_string_with_description[m
--- FAIL: it_should_compare_string_with_description (0.00s)
=== RUN it_should_match_regexp
	+ it_should_match_regexp
	+ sleep 0.3
	+ assert_match aaa:88X09 'aaa:[0-9]{5}'
	+ set +o pipefail
	+ printf %s aaa:88X09
	+ grep -E -m1 -o 'aaa:[0-9]{5}'
	+ head -n1
	+ grep -E 'aaa:[0-9]{5}'
	+ assert_eq 1 0 'checking '\''aaa:88X09'\'' to match /aaa:[0-9]{5}/'
	+ description='checking '\''aaa:88X09'\'' to match /aaa:[0-9]{5}/'
	+ set +x
	[1;37;41mfailed expectation:[m [1;38;40mchecking 'aaa:88X09' to match /aaa:[0-9]{5}/ ('1' == '0') [m
	######################################## FAILED TEST: checking 'aaa:88X09' to match /aaa:[0-9]{5}/ ('1' == '0')
	+ exit 1
	error code: 1
	error occured in [1;38;40m./failing-tests.sh:57:it_should_match_regexp[m
--- FAIL: it_should_match_regexp (0.32s)
=== RUN it_should_negate_assert_correctly
	+ it_should_negate_assert_correctly
	+ assert_false 'ls /' 'this test should fail'
	+ __SPEC_SH_NEGATE=1
	+ assert_true 'ls /' 'this test should fail'
	+ ls /
	Applications
	Library
	Network
	System
	Users
	Volumes
	bin
	cores
	dev
	etc
	home
	installer.failurerequests
	net
	opt
	private
	sbin
	tmp
	usr
	var
	+ assert_eq 0 0 'this test should fail'
	+ description='this test should fail'
	+ set +x
	[1;37;41mfailed expectation:[m [1;38;40mthis test should fail ('0' != '0') [m
	######################################## FAILED TEST: this test should fail ('0' != '0')
	+ exit 1
	error code: 1
	error occured in [1;38;40m./failing-tests.sh:64:it_should_negate_assert_correctly[m
--- FAIL: it_should_negate_assert_correctly (0.00s)
=== RUN it_should_negate_assert_eq_correctly
	+ it_should_negate_assert_eq_correctly
	+ assert_neq 1 1
	+ __SPEC_SH_NEGATE=1
	+ assert_eq 1 1
	+ description=
	+ set +x
	[1;37;41mfailed expectation:[m [1;38;40m'1' != '1' [m
	######################################## FAILED TEST: '1' != '1'
	+ exit 1
	error code: 1
	error occured in [1;38;40m./failing-tests.sh:69:it_should_negate_assert_eq_correctly[m
--- FAIL: it_should_negate_assert_eq_correctly (0.00s)
=== RUN it_should_reflect_exit_code
	+ it_should_reflect_exit_code
	+ return 3
	+ res=3
	+ set +x
	error code: 3
	error occured in [1;38;40m./failing-tests.sh:74:it_should_reflect_exit_code[m
--- FAIL: it_should_reflect_exit_code (0.00s)
=== RUN after_all
--- PASS: after_all (0.00s)
FAIL
exit status 10
FAIL	failing-tests	0.740s
